Aug-01 20:13:15.424 [main] DEBUG nextflow.cli.Launcher - $> nextflow run main.nf --help
Aug-01 20:13:15.574 [main] DEBUG nextflow.cli.CmdRun - N E X T F L O W  ~  version 24.10.4
Aug-01 20:13:15.600 [main] DEBUG nextflow.plugin.PluginsFacade - Setting up plugin manager > mode=prod; embedded=false; plugins-dir=/home/anik/.nextflow/plugins; core-plugins: nf-amazon@2.9.2,nf-azure@1.10.2,nf-cloudcache@0.4.2,nf-codecommit@0.2.2,nf-console@1.1.4,nf-google@1.15.3,nf-tower@1.9.3,nf-wave@1.7.4
Aug-01 20:13:15.640 [main] INFO  o.pf4j.DefaultPluginStatusProvider - Enabled plugins: []
Aug-01 20:13:15.641 [main] INFO  o.pf4j.DefaultPluginStatusProvider - Disabled plugins: []
Aug-01 20:13:15.645 [main] INFO  org.pf4j.DefaultPluginManager - PF4J version 3.12.0 in 'deployment' mode
Aug-01 20:13:15.662 [main] INFO  org.pf4j.AbstractPluginManager - No plugins
Aug-01 20:13:15.690 [main] DEBUG nextflow.config.ConfigBuilder - Found config local: /home/anik/genomics/Tools_Dev/PanResistome/nextflow.config
Aug-01 20:13:15.693 [main] DEBUG nextflow.config.ConfigBuilder - Parsing config file: /home/anik/genomics/Tools_Dev/PanResistome/nextflow.config
Aug-01 20:13:15.727 [main] DEBUG n.secret.LocalSecretsProvider - Secrets store: /home/anik/.nextflow/secrets/store.json
Aug-01 20:13:15.732 [main] DEBUG nextflow.secret.SecretsLoader - Discovered secrets providers: [nextflow.secret.LocalSecretsProvider@591fd34d] - activable => nextflow.secret.LocalSecretsProvider@591fd34d
Aug-01 20:13:15.748 [main] DEBUG nextflow.config.ConfigBuilder - Applying config profile: `standard`
Aug-01 20:13:16.513 [main] DEBUG nextflow.cli.CmdRun - Applied DSL=2 from script declaration
Aug-01 20:13:16.538 [main] DEBUG nextflow.cli.CmdRun - Launching `main.nf` [boring_booth] DSL2 - revision: 81550ab8ae
Aug-01 20:13:16.540 [main] DEBUG nextflow.plugin.PluginsFacade - Plugins default=[]
Aug-01 20:13:16.541 [main] DEBUG nextflow.plugin.PluginsFacade - Plugins resolved requirement=[]
Aug-01 20:13:16.615 [main] DEBUG nextflow.Session - Session UUID: d5723c48-3388-499d-8503-6f16f391a2e1
Aug-01 20:13:16.616 [main] DEBUG nextflow.Session - Run name: boring_booth
Aug-01 20:13:16.616 [main] DEBUG nextflow.Session - Executor pool size: 24
Aug-01 20:13:16.628 [main] DEBUG nextflow.file.FilePorter - File porter settings maxRetries=3; maxTransfers=50; pollTimeout=null
Aug-01 20:13:16.637 [main] DEBUG nextflow.util.ThreadPoolBuilder - Creating thread pool 'FileTransfer' minSize=10; maxSize=72; workQueue=LinkedBlockingQueue[10000]; allowCoreThreadTimeout=false
Aug-01 20:13:16.671 [main] DEBUG nextflow.cli.CmdRun - 
  Version: 24.10.4 build 5934
  Created: 20-01-2025 16:47 UTC (22:47 BDST)
  System: Linux 6.11.0-29-generic
  Runtime: Groovy 4.0.23 on OpenJDK 64-Bit Server VM 21.0.8+9-Ubuntu-0ubuntu124.04.1
  Encoding: UTF-8 (UTF-8)
  Process: 80300@anik-OMEN-by-HP-Gaming-Laptop-16-wf00xxxx [127.0.1.1]
  CPUs: 24 - Mem: 15.3 GB (1.8 GB) - Swap: 4 GB (3.9 GB)
Aug-01 20:13:16.705 [main] DEBUG nextflow.Session - Work-dir: /home/anik/genomics/Tools_Dev/PanResistome/work [ext2/ext3]
Aug-01 20:13:16.706 [main] DEBUG nextflow.Session - Script base path does not exist or is not a directory: /home/anik/genomics/Tools_Dev/PanResistome/bin
Aug-01 20:13:16.722 [main] DEBUG nextflow.executor.ExecutorFactory - Extension executors providers=[]
Aug-01 20:13:16.735 [main] DEBUG nextflow.Session - Observer factory: DefaultObserverFactory
Aug-01 20:13:16.811 [main] DEBUG nextflow.cache.CacheFactory - Using Nextflow cache factory: nextflow.cache.DefaultCacheFactory
Aug-01 20:13:16.826 [main] DEBUG nextflow.util.CustomThreadPool - Creating default thread pool > poolSize: 25; maxThreads: 1000
Aug-01 20:13:16.907 [main] DEBUG nextflow.Session - Session start
Aug-01 20:13:16.911 [main] DEBUG nextflow.trace.TraceFileObserver - Workflow started -- trace file: /home/anik/genomics/Tools_Dev/PanResistome/pipeline_trace.txt
Aug-01 20:13:17.567 [main] DEBUG nextflow.script.ScriptRunner - > Launching execution
Aug-01 20:13:17.586 [main] INFO  nextflow.Nextflow - 
📦 PanResistome Pipeline
------------------------
A Nextflow pipeline for downloading genomic data, identifying resistance genes, and visualizing pangenome resistome profiles.

▶️ Usage:
  nextflow run main.nf --input <input.tsv> --outdir <output_dir> [options]

✅ Required arguments:
  --input            Input TSV file listing genome accessions
  --outdir           Output directory for results

⚙️ Optional arguments for fetchM:
  --checkm           Minimum CheckM completeness threshold (e.g. 90. Default: null)
  --ani              ANI filter status (Choices: OK, Inconclusive, Failed, all. Default: all)
  --sleep            Time to wait between fetch requests (default: 0.5s)

    🧬 Instead of global resistance analysis, you may do specific analysis by providing:
  --host             Host species (e.g. "Homo sapiens" "Bos taurus")
  --year             Filter by year or year range (e.g. "2015" or "2015-2023")
  --country          Country filter (e.g. "Bangladesh" "USA")
  --cont             Continent filter (e.g. "Asia", "Africa")
  --subcont          Subcontinent filter (e.g. "Southern Asia")

🧬 Optional arguments for PanR2:
  --genep            Minimum % gene presence to include in heatmap (float)
  --nseq             Minimum number of sequences per group in heatmaps (int)
  --format           Output format for plots (tiff, svg, png, pdf) [default: png]

🔧 Other options:
  --threads          Number of threads for abricate [default: 24]
  --db               Directory containing abricate databases [default: ./db]
  --help             Show this help message and exit

Example:
   nextflow run main1.nf --input test.tsv --outdir results -profile conda --threads 24

